[2021-12-10 17:43:04,424] {scheduler_job.py:154} INFO - Started process (PID=9318) to work on /Users/manassikri/Desktop/airflow-tutorial/dags/bigquery_dataload.py
[2021-12-10 17:43:04,435] {scheduler_job.py:1562} INFO - Processing file /Users/manassikri/Desktop/airflow-tutorial/dags/bigquery_dataload.py for tasks to queue
[2021-12-10 17:43:04,436] {logging_mixin.py:112} INFO - [2021-12-10 17:43:04,436] {dagbag.py:396} INFO - Filling up the DagBag from /Users/manassikri/Desktop/airflow-tutorial/dags/bigquery_dataload.py
[2021-12-10 17:43:04,467] {logging_mixin.py:112} INFO - [2021-12-10 17:43:04,463] {dagbag.py:239} ERROR - Failed to import: /Users/manassikri/Desktop/airflow-tutorial/dags/bigquery_dataload.py
Traceback (most recent call last):
  File "/Users/manassikri/opt/miniconda3/envs/airflowtutorial/lib/python3.7/site-packages/airflow/models/dagbag.py", line 236, in process_file
    m = imp.load_source(mod_name, filepath)
  File "/Users/manassikri/opt/miniconda3/envs/airflowtutorial/lib/python3.7/imp.py", line 171, in load_source
    module = _load(spec)
  File "<frozen importlib._bootstrap>", line 696, in _load
  File "<frozen importlib._bootstrap>", line 677, in _load_unlocked
  File "<frozen importlib._bootstrap_external>", line 728, in exec_module
  File "<frozen importlib._bootstrap>", line 219, in _call_with_frames_removed
  File "/Users/manassikri/Desktop/airflow-tutorial/dags/bigquery_dataload.py", line 2, in <module>
    from airflow.contrib.operators.gcs_to_bq import GoogleCloudStorageToBigQueryOperator
  File "/Users/manassikri/opt/miniconda3/envs/airflowtutorial/lib/python3.7/site-packages/airflow/contrib/operators/gcs_to_bq.py", line 23, in <module>
    from airflow.contrib.hooks.bigquery_hook import BigQueryHook
  File "/Users/manassikri/opt/miniconda3/envs/airflowtutorial/lib/python3.7/site-packages/airflow/contrib/hooks/bigquery_hook.py", line 39, in <module>
    from pandas_gbq.gbq import \
ImportError: cannot import name '_check_google_client_version' from 'pandas_gbq.gbq' (/Users/manassikri/opt/miniconda3/envs/airflowtutorial/lib/python3.7/site-packages/pandas_gbq/gbq.py)
[2021-12-10 17:43:04,469] {scheduler_job.py:1576} WARNING - No viable dags retrieved from /Users/manassikri/Desktop/airflow-tutorial/dags/bigquery_dataload.py
[2021-12-10 17:43:04,477] {scheduler_job.py:162} INFO - Processing /Users/manassikri/Desktop/airflow-tutorial/dags/bigquery_dataload.py took 0.053 seconds
[2021-12-10 17:43:56,644] {scheduler_job.py:154} INFO - Started process (PID=9346) to work on /Users/manassikri/Desktop/airflow-tutorial/dags/bigquery_dataload.py
[2021-12-10 17:43:56,660] {scheduler_job.py:1562} INFO - Processing file /Users/manassikri/Desktop/airflow-tutorial/dags/bigquery_dataload.py for tasks to queue
[2021-12-10 17:43:56,661] {logging_mixin.py:112} INFO - [2021-12-10 17:43:56,661] {dagbag.py:396} INFO - Filling up the DagBag from /Users/manassikri/Desktop/airflow-tutorial/dags/bigquery_dataload.py
[2021-12-10 17:43:56,682] {logging_mixin.py:112} INFO - [2021-12-10 17:43:56,680] {dagbag.py:239} ERROR - Failed to import: /Users/manassikri/Desktop/airflow-tutorial/dags/bigquery_dataload.py
Traceback (most recent call last):
  File "/Users/manassikri/opt/miniconda3/envs/airflowtutorial/lib/python3.7/site-packages/airflow/models/dagbag.py", line 236, in process_file
    m = imp.load_source(mod_name, filepath)
  File "/Users/manassikri/opt/miniconda3/envs/airflowtutorial/lib/python3.7/imp.py", line 171, in load_source
    module = _load(spec)
  File "<frozen importlib._bootstrap>", line 696, in _load
  File "<frozen importlib._bootstrap>", line 677, in _load_unlocked
  File "<frozen importlib._bootstrap_external>", line 728, in exec_module
  File "<frozen importlib._bootstrap>", line 219, in _call_with_frames_removed
  File "/Users/manassikri/Desktop/airflow-tutorial/dags/bigquery_dataload.py", line 2, in <module>
    from airflow.contrib.operators.gcs_to_bq import GoogleCloudStorageToBigQueryOperator
  File "/Users/manassikri/opt/miniconda3/envs/airflowtutorial/lib/python3.7/site-packages/airflow/contrib/operators/gcs_to_bq.py", line 23, in <module>
    from airflow.contrib.hooks.bigquery_hook import BigQueryHook
  File "/Users/manassikri/opt/miniconda3/envs/airflowtutorial/lib/python3.7/site-packages/airflow/contrib/hooks/bigquery_hook.py", line 39, in <module>
    from pandas_gbq.gbq import \
ImportError: cannot import name '_check_google_client_version' from 'pandas_gbq.gbq' (/Users/manassikri/opt/miniconda3/envs/airflowtutorial/lib/python3.7/site-packages/pandas_gbq/gbq.py)
[2021-12-10 17:43:56,684] {scheduler_job.py:1576} WARNING - No viable dags retrieved from /Users/manassikri/Desktop/airflow-tutorial/dags/bigquery_dataload.py
[2021-12-10 17:43:56,694] {scheduler_job.py:162} INFO - Processing /Users/manassikri/Desktop/airflow-tutorial/dags/bigquery_dataload.py took 0.051 seconds
[2021-12-10 17:44:48,858] {scheduler_job.py:154} INFO - Started process (PID=9375) to work on /Users/manassikri/Desktop/airflow-tutorial/dags/bigquery_dataload.py
[2021-12-10 17:44:48,882] {scheduler_job.py:1562} INFO - Processing file /Users/manassikri/Desktop/airflow-tutorial/dags/bigquery_dataload.py for tasks to queue
[2021-12-10 17:44:48,883] {logging_mixin.py:112} INFO - [2021-12-10 17:44:48,883] {dagbag.py:396} INFO - Filling up the DagBag from /Users/manassikri/Desktop/airflow-tutorial/dags/bigquery_dataload.py
[2021-12-10 17:44:48,906] {logging_mixin.py:112} INFO - [2021-12-10 17:44:48,904] {dagbag.py:239} ERROR - Failed to import: /Users/manassikri/Desktop/airflow-tutorial/dags/bigquery_dataload.py
Traceback (most recent call last):
  File "/Users/manassikri/opt/miniconda3/envs/airflowtutorial/lib/python3.7/site-packages/airflow/models/dagbag.py", line 236, in process_file
    m = imp.load_source(mod_name, filepath)
  File "/Users/manassikri/opt/miniconda3/envs/airflowtutorial/lib/python3.7/imp.py", line 171, in load_source
    module = _load(spec)
  File "<frozen importlib._bootstrap>", line 696, in _load
  File "<frozen importlib._bootstrap>", line 677, in _load_unlocked
  File "<frozen importlib._bootstrap_external>", line 728, in exec_module
  File "<frozen importlib._bootstrap>", line 219, in _call_with_frames_removed
  File "/Users/manassikri/Desktop/airflow-tutorial/dags/bigquery_dataload.py", line 2, in <module>
    from airflow.contrib.operators.gcs_to_bq import GoogleCloudStorageToBigQueryOperator
  File "/Users/manassikri/opt/miniconda3/envs/airflowtutorial/lib/python3.7/site-packages/airflow/contrib/operators/gcs_to_bq.py", line 23, in <module>
    from airflow.contrib.hooks.bigquery_hook import BigQueryHook
  File "/Users/manassikri/opt/miniconda3/envs/airflowtutorial/lib/python3.7/site-packages/airflow/contrib/hooks/bigquery_hook.py", line 39, in <module>
    from pandas_gbq.gbq import \
ImportError: cannot import name '_check_google_client_version' from 'pandas_gbq.gbq' (/Users/manassikri/opt/miniconda3/envs/airflowtutorial/lib/python3.7/site-packages/pandas_gbq/gbq.py)
[2021-12-10 17:44:48,908] {scheduler_job.py:1576} WARNING - No viable dags retrieved from /Users/manassikri/Desktop/airflow-tutorial/dags/bigquery_dataload.py
[2021-12-10 17:44:48,919] {scheduler_job.py:162} INFO - Processing /Users/manassikri/Desktop/airflow-tutorial/dags/bigquery_dataload.py took 0.061 seconds
[2021-12-10 17:45:41,066] {scheduler_job.py:154} INFO - Started process (PID=9409) to work on /Users/manassikri/Desktop/airflow-tutorial/dags/bigquery_dataload.py
[2021-12-10 17:45:41,079] {scheduler_job.py:1562} INFO - Processing file /Users/manassikri/Desktop/airflow-tutorial/dags/bigquery_dataload.py for tasks to queue
[2021-12-10 17:45:41,081] {logging_mixin.py:112} INFO - [2021-12-10 17:45:41,080] {dagbag.py:396} INFO - Filling up the DagBag from /Users/manassikri/Desktop/airflow-tutorial/dags/bigquery_dataload.py
[2021-12-10 17:45:41,103] {logging_mixin.py:112} INFO - [2021-12-10 17:45:41,101] {dagbag.py:239} ERROR - Failed to import: /Users/manassikri/Desktop/airflow-tutorial/dags/bigquery_dataload.py
Traceback (most recent call last):
  File "/Users/manassikri/opt/miniconda3/envs/airflowtutorial/lib/python3.7/site-packages/airflow/models/dagbag.py", line 236, in process_file
    m = imp.load_source(mod_name, filepath)
  File "/Users/manassikri/opt/miniconda3/envs/airflowtutorial/lib/python3.7/imp.py", line 171, in load_source
    module = _load(spec)
  File "<frozen importlib._bootstrap>", line 696, in _load
  File "<frozen importlib._bootstrap>", line 677, in _load_unlocked
  File "<frozen importlib._bootstrap_external>", line 728, in exec_module
  File "<frozen importlib._bootstrap>", line 219, in _call_with_frames_removed
  File "/Users/manassikri/Desktop/airflow-tutorial/dags/bigquery_dataload.py", line 2, in <module>
    from airflow.contrib.operators.gcs_to_bq import GoogleCloudStorageToBigQueryOperator
  File "/Users/manassikri/opt/miniconda3/envs/airflowtutorial/lib/python3.7/site-packages/airflow/contrib/operators/gcs_to_bq.py", line 23, in <module>
    from airflow.contrib.hooks.bigquery_hook import BigQueryHook
  File "/Users/manassikri/opt/miniconda3/envs/airflowtutorial/lib/python3.7/site-packages/airflow/contrib/hooks/bigquery_hook.py", line 39, in <module>
    from pandas_gbq.gbq import \
ImportError: cannot import name '_check_google_client_version' from 'pandas_gbq.gbq' (/Users/manassikri/opt/miniconda3/envs/airflowtutorial/lib/python3.7/site-packages/pandas_gbq/gbq.py)
[2021-12-10 17:45:41,105] {scheduler_job.py:1576} WARNING - No viable dags retrieved from /Users/manassikri/Desktop/airflow-tutorial/dags/bigquery_dataload.py
[2021-12-10 17:45:41,112] {scheduler_job.py:162} INFO - Processing /Users/manassikri/Desktop/airflow-tutorial/dags/bigquery_dataload.py took 0.046 seconds
[2021-12-10 17:46:33,243] {scheduler_job.py:154} INFO - Started process (PID=9442) to work on /Users/manassikri/Desktop/airflow-tutorial/dags/bigquery_dataload.py
[2021-12-10 17:46:33,255] {scheduler_job.py:1562} INFO - Processing file /Users/manassikri/Desktop/airflow-tutorial/dags/bigquery_dataload.py for tasks to queue
[2021-12-10 17:46:33,256] {logging_mixin.py:112} INFO - [2021-12-10 17:46:33,256] {dagbag.py:396} INFO - Filling up the DagBag from /Users/manassikri/Desktop/airflow-tutorial/dags/bigquery_dataload.py
[2021-12-10 17:46:33,278] {logging_mixin.py:112} INFO - [2021-12-10 17:46:33,276] {dagbag.py:239} ERROR - Failed to import: /Users/manassikri/Desktop/airflow-tutorial/dags/bigquery_dataload.py
Traceback (most recent call last):
  File "/Users/manassikri/opt/miniconda3/envs/airflowtutorial/lib/python3.7/site-packages/airflow/models/dagbag.py", line 236, in process_file
    m = imp.load_source(mod_name, filepath)
  File "/Users/manassikri/opt/miniconda3/envs/airflowtutorial/lib/python3.7/imp.py", line 171, in load_source
    module = _load(spec)
  File "<frozen importlib._bootstrap>", line 696, in _load
  File "<frozen importlib._bootstrap>", line 677, in _load_unlocked
  File "<frozen importlib._bootstrap_external>", line 728, in exec_module
  File "<frozen importlib._bootstrap>", line 219, in _call_with_frames_removed
  File "/Users/manassikri/Desktop/airflow-tutorial/dags/bigquery_dataload.py", line 2, in <module>
    from airflow.contrib.operators.gcs_to_bq import GoogleCloudStorageToBigQueryOperator
  File "/Users/manassikri/opt/miniconda3/envs/airflowtutorial/lib/python3.7/site-packages/airflow/contrib/operators/gcs_to_bq.py", line 23, in <module>
    from airflow.contrib.hooks.bigquery_hook import BigQueryHook
  File "/Users/manassikri/opt/miniconda3/envs/airflowtutorial/lib/python3.7/site-packages/airflow/contrib/hooks/bigquery_hook.py", line 39, in <module>
    from pandas_gbq.gbq import \
ImportError: cannot import name '_check_google_client_version' from 'pandas_gbq.gbq' (/Users/manassikri/opt/miniconda3/envs/airflowtutorial/lib/python3.7/site-packages/pandas_gbq/gbq.py)
[2021-12-10 17:46:33,280] {scheduler_job.py:1576} WARNING - No viable dags retrieved from /Users/manassikri/Desktop/airflow-tutorial/dags/bigquery_dataload.py
[2021-12-10 17:46:33,291] {scheduler_job.py:162} INFO - Processing /Users/manassikri/Desktop/airflow-tutorial/dags/bigquery_dataload.py took 0.048 seconds
[2021-12-10 17:47:25,441] {scheduler_job.py:154} INFO - Started process (PID=9476) to work on /Users/manassikri/Desktop/airflow-tutorial/dags/bigquery_dataload.py
[2021-12-10 17:47:25,457] {scheduler_job.py:1562} INFO - Processing file /Users/manassikri/Desktop/airflow-tutorial/dags/bigquery_dataload.py for tasks to queue
[2021-12-10 17:47:25,458] {logging_mixin.py:112} INFO - [2021-12-10 17:47:25,458] {dagbag.py:396} INFO - Filling up the DagBag from /Users/manassikri/Desktop/airflow-tutorial/dags/bigquery_dataload.py
[2021-12-10 17:47:25,477] {logging_mixin.py:112} INFO - [2021-12-10 17:47:25,476] {dagbag.py:239} ERROR - Failed to import: /Users/manassikri/Desktop/airflow-tutorial/dags/bigquery_dataload.py
Traceback (most recent call last):
  File "/Users/manassikri/opt/miniconda3/envs/airflowtutorial/lib/python3.7/site-packages/airflow/models/dagbag.py", line 236, in process_file
    m = imp.load_source(mod_name, filepath)
  File "/Users/manassikri/opt/miniconda3/envs/airflowtutorial/lib/python3.7/imp.py", line 171, in load_source
    module = _load(spec)
  File "<frozen importlib._bootstrap>", line 696, in _load
  File "<frozen importlib._bootstrap>", line 677, in _load_unlocked
  File "<frozen importlib._bootstrap_external>", line 728, in exec_module
  File "<frozen importlib._bootstrap>", line 219, in _call_with_frames_removed
  File "/Users/manassikri/Desktop/airflow-tutorial/dags/bigquery_dataload.py", line 2, in <module>
    from airflow.contrib.operators.gcs_to_bq import GoogleCloudStorageToBigQueryOperator
  File "/Users/manassikri/opt/miniconda3/envs/airflowtutorial/lib/python3.7/site-packages/airflow/contrib/operators/gcs_to_bq.py", line 23, in <module>
    from airflow.contrib.hooks.bigquery_hook import BigQueryHook
  File "/Users/manassikri/opt/miniconda3/envs/airflowtutorial/lib/python3.7/site-packages/airflow/contrib/hooks/bigquery_hook.py", line 39, in <module>
    from pandas_gbq.gbq import \
ImportError: cannot import name '_check_google_client_version' from 'pandas_gbq.gbq' (/Users/manassikri/opt/miniconda3/envs/airflowtutorial/lib/python3.7/site-packages/pandas_gbq/gbq.py)
[2021-12-10 17:47:25,479] {scheduler_job.py:1576} WARNING - No viable dags retrieved from /Users/manassikri/Desktop/airflow-tutorial/dags/bigquery_dataload.py
[2021-12-10 17:47:25,487] {scheduler_job.py:162} INFO - Processing /Users/manassikri/Desktop/airflow-tutorial/dags/bigquery_dataload.py took 0.046 seconds
[2021-12-10 17:48:17,636] {scheduler_job.py:154} INFO - Started process (PID=9512) to work on /Users/manassikri/Desktop/airflow-tutorial/dags/bigquery_dataload.py
[2021-12-10 17:48:17,657] {scheduler_job.py:1562} INFO - Processing file /Users/manassikri/Desktop/airflow-tutorial/dags/bigquery_dataload.py for tasks to queue
[2021-12-10 17:48:17,658] {logging_mixin.py:112} INFO - [2021-12-10 17:48:17,658] {dagbag.py:396} INFO - Filling up the DagBag from /Users/manassikri/Desktop/airflow-tutorial/dags/bigquery_dataload.py
[2021-12-10 17:48:17,679] {logging_mixin.py:112} INFO - [2021-12-10 17:48:17,677] {dagbag.py:239} ERROR - Failed to import: /Users/manassikri/Desktop/airflow-tutorial/dags/bigquery_dataload.py
Traceback (most recent call last):
  File "/Users/manassikri/opt/miniconda3/envs/airflowtutorial/lib/python3.7/site-packages/airflow/models/dagbag.py", line 236, in process_file
    m = imp.load_source(mod_name, filepath)
  File "/Users/manassikri/opt/miniconda3/envs/airflowtutorial/lib/python3.7/imp.py", line 171, in load_source
    module = _load(spec)
  File "<frozen importlib._bootstrap>", line 696, in _load
  File "<frozen importlib._bootstrap>", line 677, in _load_unlocked
  File "<frozen importlib._bootstrap_external>", line 728, in exec_module
  File "<frozen importlib._bootstrap>", line 219, in _call_with_frames_removed
  File "/Users/manassikri/Desktop/airflow-tutorial/dags/bigquery_dataload.py", line 2, in <module>
    from airflow.contrib.operators.gcs_to_bq import GoogleCloudStorageToBigQueryOperator
  File "/Users/manassikri/opt/miniconda3/envs/airflowtutorial/lib/python3.7/site-packages/airflow/contrib/operators/gcs_to_bq.py", line 23, in <module>
    from airflow.contrib.hooks.bigquery_hook import BigQueryHook
  File "/Users/manassikri/opt/miniconda3/envs/airflowtutorial/lib/python3.7/site-packages/airflow/contrib/hooks/bigquery_hook.py", line 39, in <module>
    from pandas_gbq.gbq import \
ImportError: cannot import name '_check_google_client_version' from 'pandas_gbq.gbq' (/Users/manassikri/opt/miniconda3/envs/airflowtutorial/lib/python3.7/site-packages/pandas_gbq/gbq.py)
[2021-12-10 17:48:17,680] {scheduler_job.py:1576} WARNING - No viable dags retrieved from /Users/manassikri/Desktop/airflow-tutorial/dags/bigquery_dataload.py
[2021-12-10 17:48:17,687] {scheduler_job.py:162} INFO - Processing /Users/manassikri/Desktop/airflow-tutorial/dags/bigquery_dataload.py took 0.051 seconds
[2021-12-10 17:49:09,848] {scheduler_job.py:154} INFO - Started process (PID=9561) to work on /Users/manassikri/Desktop/airflow-tutorial/dags/bigquery_dataload.py
[2021-12-10 17:49:09,855] {scheduler_job.py:1562} INFO - Processing file /Users/manassikri/Desktop/airflow-tutorial/dags/bigquery_dataload.py for tasks to queue
[2021-12-10 17:49:09,856] {logging_mixin.py:112} INFO - [2021-12-10 17:49:09,856] {dagbag.py:396} INFO - Filling up the DagBag from /Users/manassikri/Desktop/airflow-tutorial/dags/bigquery_dataload.py
[2021-12-10 17:49:09,867] {logging_mixin.py:112} INFO - [2021-12-10 17:49:09,866] {dagbag.py:239} ERROR - Failed to import: /Users/manassikri/Desktop/airflow-tutorial/dags/bigquery_dataload.py
Traceback (most recent call last):
  File "/Users/manassikri/opt/miniconda3/envs/airflowtutorial/lib/python3.7/site-packages/airflow/models/dagbag.py", line 236, in process_file
    m = imp.load_source(mod_name, filepath)
  File "/Users/manassikri/opt/miniconda3/envs/airflowtutorial/lib/python3.7/imp.py", line 171, in load_source
    module = _load(spec)
  File "<frozen importlib._bootstrap>", line 696, in _load
  File "<frozen importlib._bootstrap>", line 677, in _load_unlocked
  File "<frozen importlib._bootstrap_external>", line 728, in exec_module
  File "<frozen importlib._bootstrap>", line 219, in _call_with_frames_removed
  File "/Users/manassikri/Desktop/airflow-tutorial/dags/bigquery_dataload.py", line 2, in <module>
    from airflow.contrib.operators.gcs_to_bq import GoogleCloudStorageToBigQueryOperator
  File "/Users/manassikri/opt/miniconda3/envs/airflowtutorial/lib/python3.7/site-packages/airflow/contrib/operators/gcs_to_bq.py", line 23, in <module>
    from airflow.contrib.hooks.bigquery_hook import BigQueryHook
  File "/Users/manassikri/opt/miniconda3/envs/airflowtutorial/lib/python3.7/site-packages/airflow/contrib/hooks/bigquery_hook.py", line 39, in <module>
    from pandas_gbq.gbq import \
ImportError: cannot import name '_check_google_client_version' from 'pandas_gbq.gbq' (/Users/manassikri/opt/miniconda3/envs/airflowtutorial/lib/python3.7/site-packages/pandas_gbq/gbq.py)
[2021-12-10 17:49:09,880] {scheduler_job.py:1576} WARNING - No viable dags retrieved from /Users/manassikri/Desktop/airflow-tutorial/dags/bigquery_dataload.py
[2021-12-10 17:49:09,886] {scheduler_job.py:162} INFO - Processing /Users/manassikri/Desktop/airflow-tutorial/dags/bigquery_dataload.py took 0.038 seconds
[2021-12-10 17:50:02,081] {scheduler_job.py:154} INFO - Started process (PID=9631) to work on /Users/manassikri/Desktop/airflow-tutorial/dags/bigquery_dataload.py
[2021-12-10 17:50:02,094] {scheduler_job.py:1562} INFO - Processing file /Users/manassikri/Desktop/airflow-tutorial/dags/bigquery_dataload.py for tasks to queue
[2021-12-10 17:50:02,095] {logging_mixin.py:112} INFO - [2021-12-10 17:50:02,095] {dagbag.py:396} INFO - Filling up the DagBag from /Users/manassikri/Desktop/airflow-tutorial/dags/bigquery_dataload.py
[2021-12-10 17:50:02,115] {logging_mixin.py:112} INFO - [2021-12-10 17:50:02,113] {dagbag.py:239} ERROR - Failed to import: /Users/manassikri/Desktop/airflow-tutorial/dags/bigquery_dataload.py
Traceback (most recent call last):
  File "/Users/manassikri/opt/miniconda3/envs/airflowtutorial/lib/python3.7/site-packages/airflow/models/dagbag.py", line 236, in process_file
    m = imp.load_source(mod_name, filepath)
  File "/Users/manassikri/opt/miniconda3/envs/airflowtutorial/lib/python3.7/imp.py", line 171, in load_source
    module = _load(spec)
  File "<frozen importlib._bootstrap>", line 696, in _load
  File "<frozen importlib._bootstrap>", line 677, in _load_unlocked
  File "<frozen importlib._bootstrap_external>", line 728, in exec_module
  File "<frozen importlib._bootstrap>", line 219, in _call_with_frames_removed
  File "/Users/manassikri/Desktop/airflow-tutorial/dags/bigquery_dataload.py", line 2, in <module>
    from airflow.contrib.operators.gcs_to_bq import GoogleCloudStorageToBigQueryOperator
  File "/Users/manassikri/opt/miniconda3/envs/airflowtutorial/lib/python3.7/site-packages/airflow/contrib/operators/gcs_to_bq.py", line 23, in <module>
    from airflow.contrib.hooks.bigquery_hook import BigQueryHook
  File "/Users/manassikri/opt/miniconda3/envs/airflowtutorial/lib/python3.7/site-packages/airflow/contrib/hooks/bigquery_hook.py", line 39, in <module>
    from pandas_gbq.gbq import \
ImportError: cannot import name '_check_google_client_version' from 'pandas_gbq.gbq' (/Users/manassikri/opt/miniconda3/envs/airflowtutorial/lib/python3.7/site-packages/pandas_gbq/gbq.py)
[2021-12-10 17:50:02,117] {scheduler_job.py:1576} WARNING - No viable dags retrieved from /Users/manassikri/Desktop/airflow-tutorial/dags/bigquery_dataload.py
[2021-12-10 17:50:02,127] {scheduler_job.py:162} INFO - Processing /Users/manassikri/Desktop/airflow-tutorial/dags/bigquery_dataload.py took 0.046 seconds
[2021-12-10 17:50:54,257] {scheduler_job.py:154} INFO - Started process (PID=9658) to work on /Users/manassikri/Desktop/airflow-tutorial/dags/bigquery_dataload.py
[2021-12-10 17:50:54,268] {scheduler_job.py:1562} INFO - Processing file /Users/manassikri/Desktop/airflow-tutorial/dags/bigquery_dataload.py for tasks to queue
[2021-12-10 17:50:54,269] {logging_mixin.py:112} INFO - [2021-12-10 17:50:54,269] {dagbag.py:396} INFO - Filling up the DagBag from /Users/manassikri/Desktop/airflow-tutorial/dags/bigquery_dataload.py
[2021-12-10 17:50:54,288] {logging_mixin.py:112} INFO - [2021-12-10 17:50:54,286] {dagbag.py:239} ERROR - Failed to import: /Users/manassikri/Desktop/airflow-tutorial/dags/bigquery_dataload.py
Traceback (most recent call last):
  File "/Users/manassikri/opt/miniconda3/envs/airflowtutorial/lib/python3.7/site-packages/airflow/models/dagbag.py", line 236, in process_file
    m = imp.load_source(mod_name, filepath)
  File "/Users/manassikri/opt/miniconda3/envs/airflowtutorial/lib/python3.7/imp.py", line 171, in load_source
    module = _load(spec)
  File "<frozen importlib._bootstrap>", line 696, in _load
  File "<frozen importlib._bootstrap>", line 677, in _load_unlocked
  File "<frozen importlib._bootstrap_external>", line 728, in exec_module
  File "<frozen importlib._bootstrap>", line 219, in _call_with_frames_removed
  File "/Users/manassikri/Desktop/airflow-tutorial/dags/bigquery_dataload.py", line 2, in <module>
    from airflow.contrib.operators.gcs_to_bq import GoogleCloudStorageToBigQueryOperator
  File "/Users/manassikri/opt/miniconda3/envs/airflowtutorial/lib/python3.7/site-packages/airflow/contrib/operators/gcs_to_bq.py", line 23, in <module>
    from airflow.contrib.hooks.bigquery_hook import BigQueryHook
  File "/Users/manassikri/opt/miniconda3/envs/airflowtutorial/lib/python3.7/site-packages/airflow/contrib/hooks/bigquery_hook.py", line 39, in <module>
    from pandas_gbq.gbq import \
ImportError: cannot import name '_check_google_client_version' from 'pandas_gbq.gbq' (/Users/manassikri/opt/miniconda3/envs/airflowtutorial/lib/python3.7/site-packages/pandas_gbq/gbq.py)
[2021-12-10 17:50:54,291] {scheduler_job.py:1576} WARNING - No viable dags retrieved from /Users/manassikri/Desktop/airflow-tutorial/dags/bigquery_dataload.py
[2021-12-10 17:50:54,299] {scheduler_job.py:162} INFO - Processing /Users/manassikri/Desktop/airflow-tutorial/dags/bigquery_dataload.py took 0.042 seconds
[2021-12-10 17:51:46,473] {scheduler_job.py:154} INFO - Started process (PID=9686) to work on /Users/manassikri/Desktop/airflow-tutorial/dags/bigquery_dataload.py
[2021-12-10 17:51:46,493] {scheduler_job.py:1562} INFO - Processing file /Users/manassikri/Desktop/airflow-tutorial/dags/bigquery_dataload.py for tasks to queue
[2021-12-10 17:51:46,494] {logging_mixin.py:112} INFO - [2021-12-10 17:51:46,493] {dagbag.py:396} INFO - Filling up the DagBag from /Users/manassikri/Desktop/airflow-tutorial/dags/bigquery_dataload.py
[2021-12-10 17:51:46,511] {logging_mixin.py:112} INFO - [2021-12-10 17:51:46,510] {dagbag.py:239} ERROR - Failed to import: /Users/manassikri/Desktop/airflow-tutorial/dags/bigquery_dataload.py
Traceback (most recent call last):
  File "/Users/manassikri/opt/miniconda3/envs/airflowtutorial/lib/python3.7/site-packages/airflow/models/dagbag.py", line 236, in process_file
    m = imp.load_source(mod_name, filepath)
  File "/Users/manassikri/opt/miniconda3/envs/airflowtutorial/lib/python3.7/imp.py", line 171, in load_source
    module = _load(spec)
  File "<frozen importlib._bootstrap>", line 696, in _load
  File "<frozen importlib._bootstrap>", line 677, in _load_unlocked
  File "<frozen importlib._bootstrap_external>", line 728, in exec_module
  File "<frozen importlib._bootstrap>", line 219, in _call_with_frames_removed
  File "/Users/manassikri/Desktop/airflow-tutorial/dags/bigquery_dataload.py", line 2, in <module>
    from airflow.contrib.operators.gcs_to_bq import GoogleCloudStorageToBigQueryOperator
  File "/Users/manassikri/opt/miniconda3/envs/airflowtutorial/lib/python3.7/site-packages/airflow/contrib/operators/gcs_to_bq.py", line 23, in <module>
    from airflow.contrib.hooks.bigquery_hook import BigQueryHook
  File "/Users/manassikri/opt/miniconda3/envs/airflowtutorial/lib/python3.7/site-packages/airflow/contrib/hooks/bigquery_hook.py", line 39, in <module>
    from pandas_gbq.gbq import \
ImportError: cannot import name '_check_google_client_version' from 'pandas_gbq.gbq' (/Users/manassikri/opt/miniconda3/envs/airflowtutorial/lib/python3.7/site-packages/pandas_gbq/gbq.py)
[2021-12-10 17:51:46,513] {scheduler_job.py:1576} WARNING - No viable dags retrieved from /Users/manassikri/Desktop/airflow-tutorial/dags/bigquery_dataload.py
[2021-12-10 17:51:46,520] {scheduler_job.py:162} INFO - Processing /Users/manassikri/Desktop/airflow-tutorial/dags/bigquery_dataload.py took 0.047 seconds
